<?xml version="1.0" encoding="UTF-8"?>
<!-- Generated by org.testng.reporters.JUnitXMLReporter -->
<testsuite hostname="DESKTOP-EQA0C24" ignored="8" name="Test 1" tests="3" failures="0" timestamp="16 Mar 2022 09:53:19 GMT" time="132.909" errors="0">
  <testcase name="CreatePro" time="64.469" classname="SeleniumFrameworkWithTestNg.CreateProductTest"/>
  <testcase name="CreateOrgwithType" time="64.057" classname="SeleniumFrameworkWithTestNg.CreateOrganizationWithTypeWithBaseclassTest"/>
  <testcase name="createContact" time="65.072" classname="SeleniumFrameworkWithTestNg.CreateContactwithBaseclassTest"/>
  <testcase name="@BeforeSuite bs" time="0.0" classname="GenericUtility.BaseClass">
    <ignored/>
  </testcase> <!-- @BeforeSuite bs -->
  <testcase name="@BeforeSuite bs" time="0.0" classname="GenericUtility.BaseClass">
    <ignored/>
  </testcase> <!-- @BeforeSuite bs -->
  <testcase name="@AfterTest at" time="0.0" classname="GenericUtility.BaseClass">
    <ignored/>
  </testcase> <!-- @AfterTest at -->
  <testcase name="@AfterTest at" time="0.0" classname="GenericUtility.BaseClass">
    <ignored/>
  </testcase> <!-- @AfterTest at -->
  <testcase name="@BeforeTest bt" time="0.0" classname="GenericUtility.BaseClass">
    <ignored/>
  </testcase> <!-- @BeforeTest bt -->
  <testcase name="@BeforeTest bt" time="0.0" classname="GenericUtility.BaseClass">
    <ignored/>
  </testcase> <!-- @BeforeTest bt -->
  <testcase name="@AfterSuite as" time="0.0" classname="GenericUtility.BaseClass">
    <ignored/>
  </testcase> <!-- @AfterSuite as -->
  <testcase name="@AfterSuite as" time="0.0" classname="GenericUtility.BaseClass">
    <ignored/>
  </testcase> <!-- @AfterSuite as -->
</testsuite> <!-- Test 1 -->
