<?xml version="1.0" encoding="UTF-8"?>
<!-- Generated by org.testng.reporters.JUnitXMLReporter -->
<testsuite hostname="DESKTOP-EQA0C24" ignored="4" name="Test2" tests="2" failures="0" timestamp="06 Apr 2022 13:32:37 GMT" time="148.976" errors="0">
  <testcase name="CreatePro" time="40.719" classname="SeleniumFrameworkWithTestNg.CreateProductTest"/>
  <testcase name="createContact" time="36.178" classname="SeleniumFrameworkWithTestNg.CreateContactwithBaseclassTest"/>
  <testcase name="@AfterTest CloseparallelExecution" time="0.0" classname="GenericUtility.BaseClass">
    <ignored/>
  </testcase> <!-- @AfterTest CloseparallelExecution -->
  <testcase name="@BeforeTest ParallelExecution" time="0.0" classname="GenericUtility.BaseClass">
    <ignored/>
  </testcase> <!-- @BeforeTest ParallelExecution -->
  <testcase name="@AfterSuite CloseDatabaseConnection" time="0.0" classname="GenericUtility.BaseClass">
    <ignored/>
  </testcase> <!-- @AfterSuite CloseDatabaseConnection -->
  <testcase name="@BeforeSuite OpenDataBase" time="0.0" classname="GenericUtility.BaseClass">
    <ignored/>
  </testcase> <!-- @BeforeSuite OpenDataBase -->
</testsuite> <!-- Test2 -->
