<?xml version="1.0" encoding="UTF-8"?>
<!-- Generated by org.testng.reporters.JUnitXMLReporter -->
<testsuite hostname="DESKTOP-EQA0C24" ignored="4" name="Test1" tests="2" failures="0" timestamp="06 Apr 2022 13:32:40 GMT" time="152.828" errors="0">
  <testcase name="CreatePro" time="41.321" classname="SeleniumFrameworkWithTestNg.CreateProductTest"/>
  <testcase name="createContact" time="36.177" classname="SeleniumFrameworkWithTestNg.CreateContactwithBaseclassTest"/>
  <testcase name="@AfterTest CloseparallelExecution" time="0.0" classname="GenericUtility.BaseClass">
    <ignored/>
  </testcase> <!-- @AfterTest CloseparallelExecution -->
  <testcase name="@BeforeTest ParallelExecution" time="0.0" classname="GenericUtility.BaseClass">
    <ignored/>
  </testcase> <!-- @BeforeTest ParallelExecution -->
  <testcase name="@AfterSuite CloseDatabaseConnection" time="0.0" classname="GenericUtility.BaseClass">
    <ignored/>
  </testcase> <!-- @AfterSuite CloseDatabaseConnection -->
  <testcase name="@BeforeSuite OpenDataBase" time="0.0" classname="GenericUtility.BaseClass">
    <ignored/>
  </testcase> <!-- @BeforeSuite OpenDataBase -->
</testsuite> <!-- Test1 -->
