<?xml version="1.0" encoding="UTF-8"?>
<!-- Generated by org.testng.reporters.JUnitXMLReporter -->
<testsuite hostname="DESKTOP-EQA0C24" ignored="8" name="Command line test" tests="6" failures="1" timestamp="12 Apr 2022 12:06:38 GMT" time="276.047" errors="0">
  <testcase name="createContact" time="66.717" classname="Organazation.CreateContactwithBaseclassTest"/>
  <testcase name="CreateOrgwithType" time="39.16" classname="SeleniumFrameworkWithTestNg.CreateOrganizationWithTypeWithBaseclassTest"/>
  <testcase name="create" time="0.002" classname="Practice.RetryImplyTest">
    <skipped/>
  </testcase> <!-- create -->
  <testcase name="create" time="0.001" classname="Practice.RetryImplyTest">
    <skipped/>
  </testcase> <!-- create -->
  <testcase name="create" time="0.001" classname="Practice.RetryImplyTest">
    <skipped/>
  </testcase> <!-- create -->
  <testcase name="create" time="0.003" classname="Practice.RetryImplyTest">
    <failure type="java.lang.AssertionError" message="expected [true] but found [false]">
      <![CDATA[java.lang.AssertionError: expected [true] but found [false]
at Practice.RetryImplyTest.create(RetryImplyTest.java:12)
... Removed 41 stack frames]]>
    </failure>
  </testcase> <!-- create -->
  <testcase name="@AfterTest CloseparallelExecution" time="0.0" classname="GenericUtility.BaseClass">
    <ignored/>
  </testcase> <!-- @AfterTest CloseparallelExecution -->
  <testcase name="@AfterTest CloseparallelExecution" time="0.0" classname="GenericUtility.BaseClass">
    <ignored/>
  </testcase> <!-- @AfterTest CloseparallelExecution -->
  <testcase name="@BeforeTest ParallelExecution" time="0.0" classname="GenericUtility.BaseClass">
    <ignored/>
  </testcase> <!-- @BeforeTest ParallelExecution -->
  <testcase name="@BeforeTest ParallelExecution" time="0.0" classname="GenericUtility.BaseClass">
    <ignored/>
  </testcase> <!-- @BeforeTest ParallelExecution -->
  <testcase name="@AfterSuite CloseDatabaseConnection" time="0.0" classname="GenericUtility.BaseClass">
    <ignored/>
  </testcase> <!-- @AfterSuite CloseDatabaseConnection -->
  <testcase name="@AfterSuite CloseDatabaseConnection" time="0.0" classname="GenericUtility.BaseClass">
    <ignored/>
  </testcase> <!-- @AfterSuite CloseDatabaseConnection -->
  <testcase name="@BeforeSuite OpenDataBase" time="0.0" classname="GenericUtility.BaseClass">
    <ignored/>
  </testcase> <!-- @BeforeSuite OpenDataBase -->
  <testcase name="@BeforeSuite OpenDataBase" time="0.0" classname="GenericUtility.BaseClass">
    <ignored/>
  </testcase> <!-- @BeforeSuite OpenDataBase -->
</testsuite> <!-- Command line test -->
